[21Dec2024 00:00:15.553] [Server thread/WARN] [net.minecraft.server.level.ServerLevel/]: Tried to add entity ancient_elements:undead_miner but it was marked as removed already
[21Dec2024 00:15:58.151] [Server thread/INFO] [net.minecraft.server.MinecraftServer/]: [KMRgamerotaku: Set own game mode to Spectator Mode]
[21Dec2024 00:18:02.831] [Server thread/INFO] [net.minecraft.server.MinecraftServer/]: [KMRgamerotaku: Set own game mode to Survival Mode]
[21Dec2024 00:20:25.121] [Server thread/INFO] [net.minecraft.server.players.PlayerList/]: jhonny365[/127.47.80.235:47669] logged in with entity id 5996 at (-115.5, 76.0, -34.5)
[21Dec2024 00:20:25.136] [Server thread/INFO] [net.minecraft.server.MinecraftServer/]: jhonny365 joined the game
[21Dec2024 00:20:25.234] [Server thread/INFO] [Jade/]: Syncing config to jhonny365 (75f35d0c-5c75-37bb-ba96-d747a89d9780)
[21Dec2024 00:20:25.288] [Server thread/INFO] [net.minecraft.server.MinecraftServer/]: jhonny365 has made the advancement [Ice and Fire]
[21Dec2024 00:20:42.087] [Server thread/INFO] [net.minecraft.server.MinecraftServer/]: [Not Secure] <jhonny365> de 0?
[21Dec2024 00:20:46.471] [Server thread/INFO] [net.minecraft.server.MinecraftServer/]: [Not Secure] <KMRgamerotaku> si
[21Dec2024 00:20:57.820] [Server thread/INFO] [net.minecraft.server.MinecraftServer/]: [Not Secure] <KMRgamerotaku> te lo dije se crasheo
[21Dec2024 00:21:25.520] [Server thread/INFO] [net.minecraft.server.MinecraftServer/]: [Not Secure] <jhonny365> cordenadas
[21Dec2024 00:21:29.633] [Server thread/WARN] [net.minecraft.server.level.ServerPlayerGameMode/]: Mismatch in destroy block pos: BlockPos{x=0, y=0, z=0} BlockPos{x=-117, y=77, z=-39}
[21Dec2024 00:21:36.270] [Server thread/INFO] [net.minecraft.server.MinecraftServer/]: [Not Secure] <KMRgamerotaku> dale a la j y me busca en el mapa
[21Dec2024 00:21:45.270] [Server thread/INFO] [net.minecraft.server.MinecraftServer/]: [Not Secure] <jhonny365> no me deja talar un arbol
[21Dec2024 00:21:55.218] [Server thread/INFO] [net.minecraft.server.MinecraftServer/]: [Not Secure] <KMRgamerotaku> xd
[21Dec2024 00:22:08.173] [Server thread/INFO] [net.minecraft.server.MinecraftServer/]: [Not Secure] <jhonny365> lo rompo y vuelve
[21Dec2024 00:22:17.578] [Server thread/WARN] [net.minecraft.server.level.ServerPlayerGameMode/]: Mismatch in destroy block pos: BlockPos{x=0, y=0, z=0} BlockPos{x=-116, y=76, z=-47}
[21Dec2024 00:22:17.982] [Server thread/WARN] [net.minecraft.server.level.ServerPlayerGameMode/]: Mismatch in destroy block pos: BlockPos{x=0, y=0, z=0} BlockPos{x=-116, y=76, z=-47}
[21Dec2024 00:22:18.339] [Server thread/WARN] [net.minecraft.server.level.ServerPlayerGameMode/]: Mismatch in destroy block pos: BlockPos{x=0, y=0, z=0} BlockPos{x=-116, y=76, z=-47}
[21Dec2024 00:22:22.967] [Server thread/INFO] [net.minecraft.server.MinecraftServer/]: [Not Secure] <jhonny365> todo
[21Dec2024 00:22:33.585] [Server thread/INFO] [net.minecraft.server.MinecraftServer/]: [Not Secure] <KMRgamerotaku> tiene prote e spawn
[21Dec2024 00:22:42.076] [Server thread/INFO] [net.minecraft.server.MinecraftServer/]: [Not Secure] <jhonny365> por?
[21Dec2024 00:22:59.227] [Server thread/INFO] [net.minecraft.server.MinecraftServer/]: [Not Secure] <KMRgamerotaku> no se
[21Dec2024 00:23:06.232] [Server thread/INFO] [net.minecraft.server.MinecraftServer/]: [Not Secure] <KMRgamerotaku> la configuracion del server
[21Dec2024 00:23:28.522] [Server thread/INFO] [net.minecraft.server.MinecraftServer/]: jhonny365 has made the advancement [Dungeon Now Loading]
[21Dec2024 00:23:59.922] [Server thread/INFO] [net.minecraft.server.MinecraftServer/]: jhonny365 has made the advancement [Stone Age]
[21Dec2024 00:24:58.084] [Server thread/INFO] [net.minecraft.server.MinecraftServer/]: [Not Secure] <jhonny365> la camara del epic se aleja
[21Dec2024 00:25:10.534] [Server thread/INFO] [net.minecraft.server.MinecraftServer/]: jhonny365 has made the advancement [Monster Hunter]
[21Dec2024 00:25:13.719] [Server thread/INFO] [net.minecraft.server.MinecraftServer/]: [Not Secure] <KMRgamerotaku> si lo configure asi
[21Dec2024 00:25:25.023] [Server thread/INFO] [net.minecraft.server.MinecraftServer/]: [Not Secure] <jhonny365> como lo cambio
[21Dec2024 00:25:31.639] [Server thread/INFO] [net.minecraft.server.MinecraftServer/]: jhonny365 has made the advancement [Getting an Upgrade]
[21Dec2024 00:25:31.881] [Server thread/INFO] [net.minecraft.server.MinecraftServer/]: [Not Secure] <KMRgamerotaku> en el mod
[21Dec2024 00:26:32.377] [Server thread/INFO] [net.minecraft.server.MinecraftServer/]: [Not Secure] <jhonny365> y despues?
[21Dec2024 00:26:44.163] [Server thread/INFO] [net.minecraft.server.MinecraftServer/]: [Not Secure] <KMRgamerotaku> en
[21Dec2024 00:27:09.742] [Server thread/INFO] [net.minecraft.server.MinecraftServer/]: [Not Secure] <KMRgamerotaku> control
[21Dec2024 00:27:22.232] [Server thread/INFO] [net.minecraft.server.MinecraftServer/]: [Not Secure] <jhonny365> listo
[21Dec2024 00:27:32.309] [Server thread/INFO] [net.minecraft.server.MinecraftServer/]: [Not Secure] <jhonny365> muy tarde para explicarme XD
[21Dec2024 00:27:39.720] [Server thread/INFO] [net.minecraft.server.MinecraftServer/]: [Not Secure] <KMRgamerotaku> sabe que epic fither esta configurado para jugar asi
[21Dec2024 00:27:53.739] [Server thread/INFO] [net.minecraft.server.MinecraftServer/]: [Not Secure] <jhonny365> nop
[21Dec2024 00:28:01.479] [Server thread/INFO] [net.minecraft.server.MinecraftServer/]: [Not Secure] <KMRgamerotaku> en realida si
[21Dec2024 00:28:12.663] [Server thread/INFO] [net.minecraft.server.MinecraftServer/]: [Not Secure] <jhonny365> usted se pone roto muy rapido
[21Dec2024 00:28:17.364] [Server thread/INFO] [net.minecraft.server.MinecraftServer/]: [Not Secure] <KMRgamerotaku> xd
[21Dec2024 00:28:25.495] [Server thread/INFO] [net.minecraft.server.MinecraftServer/]: [Not Secure] <jhonny365> rapido o lleva tiempo jugando
[21Dec2024 00:28:39.435] [Server thread/INFO] [net.minecraft.server.MinecraftServer/]: [Not Secure] <KMRgamerotaku> ase ratito
[21Dec2024 00:29:08.167] [Server thread/INFO] [net.minecraft.server.MinecraftServer/]: [Not Secure] <KMRgamerotaku> ya vuelvo
[21Dec2024 00:30:27.116] [Server thread/INFO] [net.minecraft.server.MinecraftServer/]: jhonny365 has made the advancement [Cool, Cool Cave]
[21Dec2024 00:32:14.068] [Server thread/INFO] [net.minecraft.server.MinecraftServer/]: [Not Secure] <KMRgamerotaku> jhonny esta en mina ciero
[21Dec2024 00:32:20.066] [Server thread/INFO] [net.minecraft.server.MinecraftServer/]: [Not Secure] <jhonny365> nooooo en el cielo XD
[21Dec2024 00:32:33.968] [Server thread/INFO] [net.minecraft.server.MinecraftServer/]: [Not Secure] <KMRgamerotaku> wtf
[21Dec2024 00:32:43.842] [Server thread/INFO] [net.minecraft.server.MinecraftServer/]: [Not Secure] <KMRgamerotaku> no veo nada
[21Dec2024 00:32:48.161] [Server thread/INFO] [net.minecraft.server.MinecraftServer/]: [Not Secure] <jhonny365> donde anda
[21Dec2024 00:32:58.022] [Server thread/INFO] [net.minecraft.server.MinecraftServer/]: [Not Secure] <jhonny365> ya lo vui
[21Dec2024 00:32:59.614] [Server thread/INFO] [net.minecraft.server.MinecraftServer/]: [Not Secure] <KMRgamerotaku> viendo el cielo
[21Dec2024 00:33:36.641] [Server thread/INFO] [net.minecraft.server.MinecraftServer/]: jhonny365 has made the advancement [Breaking the Ice]
[21Dec2024 00:33:37.514] [Server thread/INFO] [net.minecraft.server.MinecraftServer/]: KMRgamerotaku has made the advancement [Cool, Cool Cave]
[21Dec2024 00:33:44.673] [Server thread/INFO] [net.minecraft.server.MinecraftServer/]: [Not Secure] <jhonny365> :v
[21Dec2024 00:33:45.228] [Server thread/INFO] [net.minecraft.server.MinecraftServer/]: [Not Secure] <KMRgamerotaku> xd
[21Dec2024 00:34:10.993] [Server thread/INFO] [net.minecraft.server.MinecraftServer/]: [Not Secure] <KMRgamerotaku> tu entra qui y su comia
[21Dec2024 00:34:21.968] [Server thread/INFO] [net.minecraft.server.MinecraftServer/]: [Not Secure] <jhonny365> a bsucar recursos porque el piedra de gamer no da rcursos ni naa
[21Dec2024 00:34:28.416] [Server thread/INFO] [net.minecraft.server.MinecraftServer/]: [Not Secure] <KMRgamerotaku> xd
[21Dec2024 00:34:33.623] [Server thread/INFO] [net.minecraft.server.MinecraftServer/]: [Not Secure] <KMRgamerotaku> pero si saliste corriendo
[21Dec2024 00:34:40.622] [Server thread/INFO] [net.minecraft.server.MinecraftServer/]: [Not Secure] <jhonny365> yo andaba alli
[21Dec2024 00:34:43.295] [Server thread/INFO] [net.minecraft.server.MinecraftServer/]: [Not Secure] <KMRgamerotaku> xd
[21Dec2024 00:34:56.479] [Server thread/INFO] [net.minecraft.server.MinecraftServer/]: [Not Secure] <jhonny365> como llego alla
[21Dec2024 00:35:16.844] [Server thread/INFO] [net.minecraft.server.MinecraftServer/]: [KMRgamerotaku: Set own game mode to Spectator Mode]
[21Dec2024 00:35:38.568] [Server thread/INFO] [net.minecraft.server.MinecraftServer/]: [KMRgamerotaku: Set own game mode to Survival Mode]
[21Dec2024 00:35:39.766] [Server thread/INFO] [net.minecraft.server.MinecraftServer/]: KMRgamerotaku fell from a high place
[21Dec2024 00:36:10.021] [Server thread/INFO] [net.minecraft.server.MinecraftServer/]: [Not Secure] <KMRgamerotaku> dragon abajo
[21Dec2024 00:37:24.620] [Server thread/INFO] [net.minecraft.server.MinecraftServer/]: [KMRgamerotaku: Set own game mode to Spectator Mode]
[21Dec2024 00:38:02.768] [Server thread/INFO] [net.minecraft.server.MinecraftServer/]: [KMRgamerotaku: Set own game mode to Survival Mode]
[21Dec2024 00:39:14.324] [Server thread/INFO] [net.minecraft.server.MinecraftServer/]: [Not Secure] <KMRgamerotaku> que necesita
[21Dec2024 00:39:21.432] [Server thread/INFO] [net.minecraft.server.MinecraftServer/]: [Not Secure] <jhonny365> que cree
[21Dec2024 00:40:15.615] [Server thread/INFO] [net.minecraft.server.MinecraftServer/]: [Not Secure] <KMRgamerotaku> hay te di bloque de hierro
[21Dec2024 00:40:27.867] [Server thread/INFO] [net.minecraft.server.MinecraftServer/]: [Not Secure] <jhonny365> si lo vi
[21Dec2024 00:40:32.471] [Server thread/INFO] [net.minecraft.server.MinecraftServer/]: [Not Secure] <KMRgamerotaku> toma esto
[21Dec2024 00:40:36.539] [Server thread/INFO] [net.minecraft.server.MinecraftServer/]: jhonny365 has made the advancement [Acquire Hardware]
[21Dec2024 00:40:50.275] [Server thread/INFO] [net.minecraft.server.MinecraftServer/]: jhonny365 has made the advancement [Too Many Bows]
[21Dec2024 00:40:56.458] [Server thread/INFO] [net.minecraft.server.MinecraftServer/]: jhonny365 has made the advancement [Isn't It Iron Pick]
[21Dec2024 00:41:13.415] [Server thread/INFO] [net.minecraft.server.MinecraftServer/]: jhonny365 has made the advancement [Suit Up]
[21Dec2024 00:41:22.482] [Server thread/INFO] [net.minecraft.server.MinecraftServer/]: [Not Secure] <KMRgamerotaku> hay mas cosa
[21Dec2024 00:41:52.819] [Server thread/INFO] [net.minecraft.server.MinecraftServer/]: [Not Secure] <jhonny365> que tantas cosa saca del creativo XD
[21Dec2024 00:41:56.963] [Server thread/INFO] [net.minecraft.server.MinecraftServer/]: [Not Secure] <KMRgamerotaku> xd
[21Dec2024 00:42:02.324] [Server thread/INFO] [net.minecraft.server.MinecraftServer/]: [Not Secure] <KMRgamerotaku> no es creativo
[21Dec2024 00:42:04.221] [Server thread/INFO] [net.minecraft.server.MinecraftServer/]: [Not Secure] <jhonny365> usted cre que soy pendejo o que
[21Dec2024 00:42:21.177] [Server thread/INFO] [net.minecraft.server.MinecraftServer/]: [Not Secure] <KMRgamerotaku> me fui a una dugeon
[21Dec2024 00:42:26.127] [Server thread/INFO] [net.minecraft.server.MinecraftServer/]: [Not Secure] <jhonny365> dudo que en un "ratico" de juego tengas tantas cosas
[21Dec2024 00:42:32.371] [Server thread/INFO] [net.minecraft.server.MinecraftServer/]: [Not Secure] <KMRgamerotaku> xd
[21Dec2024 00:42:43.165] [Server thread/INFO] [net.minecraft.server.MinecraftServer/]: [Not Secure] <KMRgamerotaku> ajaja
[21Dec2024 00:42:50.770] [Server thread/INFO] [net.minecraft.server.MinecraftServer/]: [Not Secure] <KMRgamerotaku> sabe que no es un ratico
[21Dec2024 00:43:02.184] [Server thread/INFO] [net.minecraft.server.MinecraftServer/]: [Not Secure] <KMRgamerotaku> ve de que hora estoy jugando minecraft
[21Dec2024 00:43:03.697] [Server thread/INFO] [net.minecraft.server.MinecraftServer/]: [Not Secure] <jhonny365> sabia que tia que ser 1 dia
[21Dec2024 00:43:38.397] [Server thread/INFO] [net.minecraft.server.MinecraftServer/]: [Not Secure] <KMRgamerotaku> estoy jugando minecraft dede que me pare
[21Dec2024 00:43:39.199] [Server thread/INFO] [net.minecraft.server.MinecraftServer/]: [Not Secure] <jhonny365> y ese sonido?
[21Dec2024 00:43:44.715] [Server thread/INFO] [net.minecraft.server.MinecraftServer/]: [Not Secure] <jhonny365> ya decia yo
[21Dec2024 00:44:10.014] [Server thread/INFO] [net.minecraft.server.MinecraftServer/]: [Not Secure] <KMRgamerotaku> mira mi mochila
[21Dec2024 00:44:24.275] [Server thread/INFO] [net.minecraft.server.MinecraftServer/]: [Not Secure] <jhonny365> DIos
[21Dec2024 00:45:21.261] [Server thread/INFO] [net.minecraft.server.MinecraftServer/]: [Not Secure] <jhonny365> esta cueva tiene todo menos mineralews
[21Dec2024 00:45:37.063] [Server thread/INFO] [net.minecraft.server.MinecraftServer/]: jhonny365 has made the advancement [Take Aim]
[21Dec2024 00:46:11.024] [Server thread/INFO] [net.minecraft.server.MinecraftServer/]: [Not Secure] <KMRgamerotaku> pero save que si que el techo morismos
[21Dec2024 00:47:05.118] [Server thread/INFO] [net.minecraft.server.MinecraftServer/]: [Not Secure] <KMRgamerotaku> esperto en arco
[21Dec2024 00:47:19.661] [Server thread/INFO] [net.minecraft.server.MinecraftServer/]: jhonny365 has made the advancement [Knight Quest]
[21Dec2024 00:48:26.439] [Server thread/INFO] [net.minecraft.server.MinecraftServer/]: [Not Secure] <KMRgamerotaku> xd
[21Dec2024 00:48:31.174] [Server thread/INFO] [net.minecraft.server.MinecraftServer/]: [Not Secure] <KMRgamerotaku> ese slime
[21Dec2024 00:49:29.435] [Server thread/INFO] [net.minecraft.server.MinecraftServer/]: [Not Secure] <jhonny365> un aldeano?
[21Dec2024 00:49:48.513] [Server thread/INFO] [net.minecraft.server.MinecraftServer/]: [Not Secure] <jhonny365> soy yo o se transformo
[21Dec2024 00:49:58.123] [Server thread/INFO] [net.minecraft.server.MinecraftServer/]: [Not Secure] <KMRgamerotaku> seguro es el que tiene que convrtir
[21Dec2024 00:50:37.297] [Server thread/INFO] [net.minecraft.server.MinecraftServer/]: [Not Secure] <KMRgamerotaku> toma
[21Dec2024 00:52:06.098] [Server thread/INFO] [net.minecraft.server.MinecraftServer/]: [Not Secure] <jhonny365> en esta verga no hay nada
[21Dec2024 00:52:16.614] [Server thread/INFO] [net.minecraft.server.MinecraftServer/]: [Not Secure] <KMRgamerotaku> deja y reviso
[21Dec2024 00:52:49.157] [Server thread/WARN] [net.minecraft.world.level.chunk.LevelChunk/]: Tried to load a block entity for block Block{minecraft:fletching_table} but failed at location BlockPos{x=145, y=31, z=110}
[21Dec2024 00:53:22.010] [Server thread/WARN] [net.minecraft.world.level.chunk.LevelChunk/]: Tried to load a block entity for block Block{minecraft:smithing_table} but failed at location BlockPos{x=213, y=40, z=135}
[21Dec2024 00:53:26.108] [Server thread/WARN] [net.minecraft.world.level.chunk.LevelChunk/]: Tried to load a block entity for block Block{minecraft:fletching_table} but failed at location BlockPos{x=236, y=40, z=124}
[21Dec2024 00:53:26.266] [Server thread/WARN] [net.minecraft.world.level.chunk.LevelChunk/]: Tried to load a block entity for block Block{minecraft:fletching_table} but failed at location BlockPos{x=226, y=34, z=81}
[21Dec2024 00:53:26.376] [Server thread/WARN] [net.minecraft.world.level.chunk.LevelChunk/]: Tried to load a block entity for block Block{minecraft:fletching_table} but failed at location BlockPos{x=226, y=32, z=47}
[21Dec2024 00:53:42.912] [Server thread/INFO] [net.minecraft.server.MinecraftServer/]: jhonny365 has made the advancement [False Water]
[21Dec2024 00:54:38.572] [Server thread/INFO] [net.minecraft.server.MinecraftServer/]: [Not Secure] <KMRgamerotaku> que somos buso
[21Dec2024 00:54:51.384] [Server thread/INFO] [net.minecraft.server.MinecraftServer/]: [Not Secure] <jhonny365> algo asi
[21Dec2024 00:54:58.000] [Server thread/INFO] [net.minecraft.server.MinecraftServer/]: [Not Secure] <KMRgamerotaku> y ahora unos castore
[21Dec2024 00:55:00.230] [Server thread/INFO] [net.minecraft.server.MinecraftServer/]: [Not Secure] <KMRgamerotaku> minero
[21Dec2024 00:55:06.532] [Server thread/INFO] [net.minecraft.server.MinecraftServer/]: [Not Secure] <jhonny365> topos
[21Dec2024 00:55:20.129] [Server thread/INFO] [net.minecraft.server.MinecraftServer/]: [Not Secure] <jhonny365> huuuuuuu
[21Dec2024 00:55:24.944] [Server thread/INFO] [net.minecraft.server.MinecraftServer/]: [Not Secure] <KMRgamerotaku> xd
[21Dec2024 00:55:27.618] [Server thread/INFO] [net.minecraft.server.MinecraftServer/]: jhonny365 has made the advancement [Full Moon in a Pocket]
[21Dec2024 00:55:33.271] [Server thread/INFO] [net.minecraft.server.MinecraftServer/]: [Not Secure] <KMRgamerotaku> que cerga
[21Dec2024 00:56:22.828] [Server thread/INFO] [net.minecraft.server.MinecraftServer/]: [Not Secure] <KMRgamerotaku> xd
[21Dec2024 00:56:35.388] [Server thread/INFO] [net.minecraft.server.MinecraftServer/]: [Not Secure] <jhonny365> que
[21Dec2024 00:56:41.379] [Server thread/INFO] [net.minecraft.server.MinecraftServer/]: [Not Secure] <KMRgamerotaku> hay agua arriba
[21Dec2024 00:57:16.514] [Server thread/WARN] [net.minecraft.server.network.ServerGamePacketListenerImpl/]: KMRgamerotaku moved wrongly!
[21Dec2024 00:57:43.469] [Server thread/INFO] [net.minecraft.server.MinecraftServer/]: [Not Secure] <KMRgamerotaku> xd
[21Dec2024 00:59:41.818] [Server thread/INFO] [net.minecraft.server.MinecraftServer/]: [KMRgamerotaku: Set own game mode to Spectator Mode]
[21Dec2024 01:00:10.383] [Server thread/INFO] [net.minecraft.server.MinecraftServer/]: [KMRgamerotaku: Set own game mode to Survival Mode]
[21Dec2024 01:01:06.231] [Server thread/INFO] [net.minecraft.server.MinecraftServer/]: [Not Secure] <KMRgamerotaku> xd
[21Dec2024 01:01:08.594] [Server thread/INFO] [net.minecraft.server.MinecraftServer/]: [Not Secure] <KMRgamerotaku> casi
[21Dec2024 01:03:12.513] [Server thread/INFO] [net.minecraft.server.MinecraftServer/]: [Not Secure] <KMRgamerotaku> ahora se cree nemo
[21Dec2024 01:03:24.815] [Server thread/INFO] [net.minecraft.server.MinecraftServer/]: [Not Secure] <jhonny365> sueprviviente nato
[21Dec2024 01:03:50.517] [Server thread/INFO] [net.minecraft.server.MinecraftServer/]: [Not Secure] <KMRgamerotaku> ven se donde hay un dragon y una aldea
[21Dec2024 01:03:52.482] [Server thread/INFO] [net.minecraft.server.MinecraftServer/]: [Not Secure] <jhonny365> una cana con combo strike
[21Dec2024 01:06:11.764] [Server thread/INFO] [net.minecraft.server.MinecraftServer/]: [Not Secure] <jhonny365> toca quedarme afk
[21Dec2024 01:06:21.404] [Server thread/WARN] [net.minecraft.server.level.ServerLevel/]: Tried to add entity ancient_elements:undead_miner but it was marked as removed already
[21Dec2024 01:06:26.914] [Server thread/INFO] [net.minecraft.server.MinecraftServer/]: [Not Secure] <jhonny365> me llaman para llenar tankes de agua
[21Dec2024 01:06:36.237] [Server thread/INFO] [net.minecraft.server.MinecraftServer/]: [Not Secure] <jhonny365> asi que super F
[21Dec2024 01:06:45.265] [Server thread/INFO] [net.minecraft.server.MinecraftServer/]: [Not Secure] <KMRgamerotaku> tranquilo yo lo llevo
[21Dec2024 01:06:46.612] [Server thread/INFO] [net.minecraft.server.MinecraftServer/]: [Not Secure] <jhonny365> boteme en la superfisie
[21Dec2024 01:06:50.769] [Server thread/INFO] [net.minecraft.server.MinecraftServer/]: [Not Secure] <jhonny365> y despues XD
[21Dec2024 01:07:06.164] [Server thread/INFO] [net.minecraft.server.MinecraftServer/]: [Not Secure] <jhonny365> a bueno XD
[21Dec2024 01:07:27.428] [Server thread/INFO] [net.minecraft.server.MinecraftServer/]: [Not Secure] <KMRgamerotaku> si aprece el dragon morimos los 2
[21Dec2024 01:07:35.554] [Server thread/WARN] [net.minecraft.server.level.ServerLevel/]: Tried to add entity ancient_elements:undead_miner but it was marked as removed already
[21Dec2024 01:07:59.105] [Server thread/WARN] [net.minecraft.server.level.ServerLevel/]: Tried to add entity ancient_elements:undead_miner but it was marked as removed already
[21Dec2024 01:08:10.406] [Server thread/WARN] [net.minecraft.server.level.ServerLevel/]: Tried to add entity ancient_elements:undead_miner but it was marked as removed already
[21Dec2024 01:08:23.805] [Server thread/WARN] [net.minecraft.server.level.ServerLevel/]: Tried to add entity ancient_elements:undead_miner but it was marked as removed already
[21Dec2024 01:08:23.856] [Server thread/WARN] [net.minecraft.server.level.ServerLevel/]: Tried to add entity ancient_elements:undead_miner but it was marked as removed already
[21Dec2024 01:08:36.054] [Server thread/WARN] [net.minecraft.server.level.ServerLevel/]: Tried to add entity ancient_elements:undead_miner but it was marked as removed already
[21Dec2024 01:08:55.656] [Server thread/WARN] [net.minecraft.server.level.ServerLevel/]: Tried to add entity ancient_elements:undead_miner but it was marked as removed already
[21Dec2024 01:08:58.956] [Server thread/WARN] [net.minecraft.server.level.ServerLevel/]: Tried to add entity ancient_elements:undead_miner but it was marked as removed already
[21Dec2024 01:09:00.353] [Server thread/WARN] [net.minecraft.server.level.ServerLevel/]: Tried to add entity ancient_elements:undead_miner but it was marked as removed already
[21Dec2024 01:09:04.904] [Server thread/WARN] [net.minecraft.server.level.ServerLevel/]: Tried to add entity ancient_elements:undead_miner but it was marked as removed already
[21Dec2024 01:09:26.255] [Server thread/WARN] [net.minecraft.server.level.ServerLevel/]: Tried to add entity ancient_elements:undead_miner but it was marked as removed already
[21Dec2024 01:09:28.754] [Server thread/WARN] [net.minecraft.server.level.ServerLevel/]: Tried to add entity ancient_elements:undead_miner but it was marked as removed already
[21Dec2024 01:09:29.554] [Server thread/WARN] [net.minecraft.server.level.ServerLevel/]: Tried to add entity ancient_elements:undead_miner but it was marked as removed already
[21Dec2024 01:10:11.206] [Server thread/WARN] [net.minecraft.server.level.ServerLevel/]: Tried to add entity ancient_elements:undead_miner but it was marked as removed already
[21Dec2024 01:10:18.105] [Server thread/WARN] [net.minecraft.server.level.ServerLevel/]: Tried to add entity ancient_elements:undead_miner but it was marked as removed already
[21Dec2024 01:10:18.106] [Server thread/WARN] [net.minecraft.server.level.ServerLevel/]: Tried to add entity ancient_elements:undead_miner but it was marked as removed already
[21Dec2024 01:10:21.156] [Server thread/WARN] [net.minecraft.server.level.ServerLevel/]: Tried to add entity ancient_elements:undead_miner but it was marked as removed already
[21Dec2024 01:10:35.005] [Server thread/WARN] [net.minecraft.server.level.ServerLevel/]: Tried to add entity ancient_elements:undead_miner but it was marked as removed already
[21Dec2024 01:10:35.005] [Server thread/WARN] [net.minecraft.server.level.ServerLevel/]: Tried to add entity ancient_elements:undead_miner but it was marked as removed already
[21Dec2024 01:10:44.803] [Server thread/WARN] [net.minecraft.server.level.ServerLevel/]: Tried to add entity ancient_elements:undead_miner but it was marked as removed already
[21Dec2024 01:10:44.804] [Server thread/WARN] [net.minecraft.server.level.ServerLevel/]: Tried to add entity ancient_elements:undead_miner but it was marked as removed already
[21Dec2024 01:10:44.804] [Server thread/WARN] [net.minecraft.server.level.ServerLevel/]: Tried to add entity ancient_elements:undead_miner but it was marked as removed already
[21Dec2024 01:10:45.115] [Server thread/INFO] [net.minecraft.world.entity.npc.Villager/]: Villager Villager['Cleric'/18166, l='ServerLevel[world]', x=-180.42, y=74.00, z=849.59] died, message: 'Cleric was slain by Zombie'
[21Dec2024 01:11:03.454] [Server thread/WARN] [net.minecraft.server.level.ServerLevel/]: Tried to add entity ancient_elements:undead_miner but it was marked as removed already
[21Dec2024 01:11:26.354] [Server thread/WARN] [net.minecraft.server.level.ServerLevel/]: Tried to add entity ancient_elements:undead_miner but it was marked as removed already
[21Dec2024 01:11:27.554] [Server thread/WARN] [net.minecraft.server.level.ServerLevel/]: Tried to add entity ancient_elements:undead_miner but it was marked as removed already
[21Dec2024 01:11:45.855] [Server thread/WARN] [net.minecraft.server.level.ServerLevel/]: Tried to add entity ancient_elements:undead_miner but it was marked as removed already
[21Dec2024 01:11:56.171] [Server thread/INFO] [net.minecraft.server.MinecraftServer/]: [Not Secure] <jhonny365> me muero de hambreeeeeeeeeee
[21Dec2024 01:12:01.772] [Server thread/INFO] [net.minecraft.server.MinecraftServer/]: jhonny365 has made the advancement [Sweet Dreams]
[21Dec2024 01:12:14.676] [Server thread/INFO] [net.minecraft.server.MinecraftServer/]: [Not Secure] <KMRgamerotaku> volvi
[21Dec2024 01:12:15.255] [Server thread/WARN] [net.minecraft.server.level.ServerLevel/]: Tried to add entity ancient_elements:undead_miner but it was marked as removed already
[21Dec2024 01:12:34.199] [Server thread/INFO] [net.minecraft.server.MinecraftServer/]: [Not Secure] <KMRgamerotaku> hay un dragon cerca
[21Dec2024 01:12:35.155] [Server thread/WARN] [net.minecraft.server.level.ServerLevel/]: Tried to add entity ancient_elements:undead_miner but it was marked as removed already
[21Dec2024 01:12:35.155] [Server thread/WARN] [net.minecraft.server.level.ServerLevel/]: Tried to add entity ancient_elements:undead_miner but it was marked as removed already
[21Dec2024 01:13:04.972] [Server thread/INFO] [net.minecraft.server.MinecraftServer/]: [Not Secure] <KMRgamerotaku> toma
[21Dec2024 01:13:22.055] [Server thread/WARN] [net.minecraft.server.level.ServerLevel/]: Tried to add entity ancient_elements:undead_miner but it was marked as removed already
[21Dec2024 01:13:22.055] [Server thread/WARN] [net.minecraft.server.level.ServerLevel/]: Tried to add entity ancient_elements:undead_miner but it was marked as removed already
[21Dec2024 01:13:23.588] [Server thread/INFO] [net.minecraft.server.MinecraftServer/]: KMRgamerotaku has reached the goal [Pray to the Goddess]
[21Dec2024 01:13:28.006] [Server thread/WARN] [net.minecraft.server.level.ServerLevel/]: Tried to add entity ancient_elements:undead_miner but it was marked as removed already
[21Dec2024 01:13:29.873] [Server thread/INFO] [net.minecraft.server.MinecraftServer/]: jhonny365 has reached the goal [Pray to the Goddess]
[21Dec2024 01:13:33.254] [Server thread/WARN] [net.minecraft.server.level.ServerLevel/]: Tried to add entity ancient_elements:undead_miner but it was marked as removed already
[21Dec2024 01:13:33.255] [Server thread/WARN] [net.minecraft.server.level.ServerLevel/]: Tried to add entity ancient_elements:undead_miner but it was marked as removed already
[21Dec2024 01:13:41.506] [Server thread/WARN] [net.minecraft.server.level.ServerLevel/]: Tried to add entity ancient_elements:undead_miner but it was marked as removed already
[21Dec2024 01:13:41.506] [Server thread/WARN] [net.minecraft.server.level.ServerLevel/]: Tried to add entity ancient_elements:undead_miner but it was marked as removed already
[21Dec2024 01:13:47.374] [Server thread/INFO] [net.minecraft.server.MinecraftServer/]: [Not Secure] <KMRgamerotaku> la primera aldea que consegui y la unica
[21Dec2024 01:13:50.354] [Server thread/WARN] [net.minecraft.server.level.ServerLevel/]: Tried to add entity ancient_elements:undead_miner but it was marked as removed already
[21Dec2024 01:13:51.797] [Server thread/INFO] [net.minecraft.server.MinecraftServer/]: [Not Secure] <KMRgamerotaku> pero hay un ddragon
[21Dec2024 01:14:02.072] [Server thread/INFO] [net.minecraft.server.MinecraftServer/]: [Not Secure] <jhonny365> arriba o abajo?
[21Dec2024 01:14:06.476] [Server thread/INFO] [net.minecraft.server.MinecraftServer/]: [Not Secure] <KMRgamerotaku> arriba
[21Dec2024 01:14:09.122] [Server thread/INFO] [net.minecraft.server.MinecraftServer/]: [Not Secure] <jhonny365> a
[21Dec2024 01:14:11.149] [Server thread/INFO] [net.minecraft.server.MinecraftServer/]: [Not Secure] <jhonny365> F
[21Dec2024 01:14:15.820] [Server thread/INFO] [net.minecraft.server.MinecraftServer/]: [Not Secure] <KMRgamerotaku> cuanto chunk tiene
[21Dec2024 01:14:22.626] [Server thread/INFO] [net.minecraft.server.MinecraftServer/]: [Not Secure] <jhonny365> 5
[21Dec2024 01:14:28.069] [Server thread/INFO] [net.minecraft.server.MinecraftServer/]: [Not Secure] <KMRgamerotaku> aumentalo
[21Dec2024 01:14:28.856] [Server thread/WARN] [net.minecraft.server.level.ServerLevel/]: Tried to add entity ancient_elements:undead_miner but it was marked as removed already
[21Dec2024 01:14:28.856] [Server thread/WARN] [net.minecraft.server.level.ServerLevel/]: Tried to add entity ancient_elements:undead_miner but it was marked as removed already
[21Dec2024 01:14:28.856] [Server thread/WARN] [net.minecraft.server.level.ServerLevel/]: Tried to add entity ancient_elements:undead_miner but it was marked as removed already
[21Dec2024 01:14:32.833] [Server thread/INFO] [net.minecraft.server.MinecraftServer/]: [Not Secure] <KMRgamerotaku> a
[21Dec2024 01:14:38.886] [Server thread/INFO] [net.minecraft.server.MinecraftServer/]: [Not Secure] <KMRgamerotaku> 15
[21Dec2024 01:14:59.089] [Server thread/INFO] [net.minecraft.server.MinecraftServer/]: [Not Secure] <jhonny365> los subi a 12 y ya bajaron feo los FPS
[21Dec2024 01:15:12.394] [Server thread/INFO] [net.minecraft.server.MinecraftServer/]: [Not Secure] <KMRgamerotaku> debe esatr cerca
[21Dec2024 01:15:16.281] [Server thread/INFO] [net.minecraft.server.MinecraftServer/]: [Not Secure] <KMRgamerotaku> porque ya quemo una casa
[21Dec2024 01:15:30.006] [Server thread/WARN] [net.minecraft.server.level.ServerLevel/]: Tried to add entity ancient_elements:undead_miner but it was marked as removed already
[21Dec2024 01:15:30.007] [Server thread/WARN] [net.minecraft.server.level.ServerLevel/]: Tried to add entity ancient_elements:undead_miner but it was marked as removed already
[21Dec2024 01:15:31.355] [Server thread/WARN] [net.minecraft.server.level.ServerLevel/]: Tried to add entity ancient_elements:undead_miner but it was marked as removed already
[21Dec2024 01:15:31.355] [Server thread/WARN] [net.minecraft.server.level.ServerLevel/]: Tried to add entity ancient_elements:undead_miner but it was marked as removed already
[21Dec2024 01:15:32.454] [Server thread/WARN] [net.minecraft.server.level.ServerLevel/]: Tried to add entity ancient_elements:undead_miner but it was marked as removed already
[21Dec2024 01:15:32.455] [Server thread/WARN] [net.minecraft.server.level.ServerLevel/]: Tried to add entity ancient_elements:undead_miner but it was marked as removed already
[21Dec2024 01:15:32.455] [Server thread/WARN] [net.minecraft.server.level.ServerLevel/]: Tried to add entity ancient_elements:undead_miner but it was marked as removed already
[21Dec2024 01:15:32.505] [Server thread/WARN] [net.minecraft.server.level.ServerLevel/]: Tried to add entity ancient_elements:undead_miner but it was marked as removed already
[21Dec2024 01:15:32.505] [Server thread/WARN] [net.minecraft.server.level.ServerLevel/]: Tried to add entity ancient_elements:undead_miner but it was marked as removed already
[21Dec2024 01:15:32.505] [Server thread/WARN] [net.minecraft.server.level.ServerLevel/]: Tried to add entity ancient_elements:undead_miner but it was marked as removed already
[21Dec2024 01:15:32.505] [Server thread/WARN] [net.minecraft.server.level.ServerLevel/]: Tried to add entity ancient_elements:undead_miner but it was marked as removed already
[21Dec2024 01:15:32.555] [Server thread/WARN] [net.minecraft.server.level.ServerLevel/]: Tried to add entity ancient_elements:undead_miner but it was marked as removed already
[21Dec2024 01:15:32.654] [Server thread/WARN] [net.minecraft.server.level.ServerLevel/]: Tried to add entity ancient_elements:undead_miner but it was marked as removed already
[21Dec2024 01:15:33.004] [Server thread/WARN] [net.minecraft.server.level.ServerLevel/]: Tried to add entity ancient_elements:undead_miner but it was marked as removed already
[21Dec2024 01:15:51.805] [Server thread/WARN] [net.minecraft.server.level.ServerLevel/]: Tried to add entity ancient_elements:undead_miner but it was marked as removed already
[21Dec2024 01:16:21.558] [Server thread/WARN] [net.minecraft.server.level.ServerLevel/]: Tried to add entity ancient_elements:undead_miner but it was marked as removed already
[21Dec2024 01:16:21.559] [Server thread/WARN] [net.minecraft.server.level.ServerLevel/]: Tried to add entity ancient_elements:undead_miner but it was marked as removed already
[21Dec2024 01:16:48.506] [Server thread/WARN] [net.minecraft.server.level.ServerLevel/]: Tried to add entity ancient_elements:undead_miner but it was marked as removed already
[21Dec2024 01:16:55.268] [Server thread/INFO] [net.minecraft.server.MinecraftServer/]: [Not Secure] <KMRgamerotaku> ya lo viste
[21Dec2024 01:17:02.479] [Server thread/INFO] [net.minecraft.server.MinecraftServer/]: [Not Secure] <jhonny365> nop
[21Dec2024 01:17:03.204] [Server thread/WARN] [net.minecraft.server.level.ServerLevel/]: Tried to add entity ancient_elements:undead_miner but it was marked as removed already
[21Dec2024 01:17:03.305] [Server thread/WARN] [net.minecraft.server.level.ServerLevel/]: Tried to add entity ancient_elements:undead_miner but it was marked as removed already
[21Dec2024 01:17:09.804] [Server thread/WARN] [net.minecraft.server.level.ServerLevel/]: Tried to add entity ancient_elements:undead_miner but it was marked as removed already
[21Dec2024 01:17:11.256] [Server thread/WARN] [net.minecraft.server.level.ServerLevel/]: Tried to add entity ancient_elements:undead_miner but it was marked as removed already
[21Dec2024 01:17:11.256] [Server thread/WARN] [net.minecraft.server.level.ServerLevel/]: Tried to add entity ancient_elements:undead_miner but it was marked as removed already
[21Dec2024 01:17:19.204] [Server thread/WARN] [net.minecraft.server.level.ServerLevel/]: Tried to add entity ancient_elements:undead_miner but it was marked as removed already
[21Dec2024 01:17:21.804] [Server thread/WARN] [net.minecraft.server.level.ServerLevel/]: Tried to add entity ancient_elements:undead_miner but it was marked as removed already
[21Dec2024 01:17:24.420] [Server thread/INFO] [net.minecraft.server.MinecraftServer/]: [Not Secure] <jhonny365> pero el nido si
[21Dec2024 01:17:26.154] [Server thread/WARN] [net.minecraft.server.level.ServerLevel/]: Tried to add entity ancient_elements:undead_miner but it was marked as removed already
[21Dec2024 01:17:26.154] [Server thread/WARN] [net.minecraft.server.level.ServerLevel/]: Tried to add entity ancient_elements:undead_miner but it was marked as removed already
[21Dec2024 01:17:30.454] [Server thread/WARN] [net.minecraft.server.level.ServerLevel/]: Tried to add entity ancient_elements:undead_miner but it was marked as removed already
[21Dec2024 01:17:33.404] [Server thread/WARN] [net.minecraft.server.level.ServerLevel/]: Tried to add entity ancient_elements:undead_miner but it was marked as removed already
[21Dec2024 01:17:34.955] [Server thread/WARN] [net.minecraft.server.level.ServerLevel/]: Tried to add entity ancient_elements:undead_miner but it was marked as removed already
[21Dec2024 01:17:39.006] [Server thread/WARN] [net.minecraft.server.level.ServerLevel/]: Tried to add entity ancient_elements:undead_miner but it was marked as removed already
[21Dec2024 01:17:40.005] [Server thread/WARN] [net.minecraft.server.level.ServerLevel/]: Tried to add entity ancient_elements:undead_miner but it was marked as removed already
[21Dec2024 01:17:43.805] [Server thread/WARN] [net.minecraft.server.level.ServerLevel/]: Tried to add entity ancient_elements:undead_miner but it was marked as removed already
[21Dec2024 01:18:03.805] [Server thread/WARN] [net.minecraft.server.level.ServerLevel/]: Tried to add entity ancient_elements:undead_miner but it was marked as removed already
[21Dec2024 01:18:03.806] [Server thread/WARN] [net.minecraft.server.level.ServerLevel/]: Tried to add entity ancient_elements:undead_miner but it was marked as removed already
[21Dec2024 01:18:03.806] [Server thread/WARN] [net.minecraft.server.level.ServerLevel/]: Tried to add entity ancient_elements:undead_miner but it was marked as removed already
[21Dec2024 01:18:03.806] [Server thread/WARN] [net.minecraft.server.level.ServerLevel/]: Tried to add entity ancient_elements:undead_miner but it was marked as removed already
[21Dec2024 01:18:14.406] [Server thread/WARN] [net.minecraft.server.level.ServerLevel/]: Tried to add entity ancient_elements:undead_miner but it was marked as removed already
[21Dec2024 01:18:22.047] [Server thread/INFO] [net.minecraft.server.MinecraftServer/]: [Not Secure] <KMRgamerotaku> ni verga
[21Dec2024 01:18:22.306] [Server thread/WARN] [net.minecraft.server.level.ServerLevel/]: Tried to add entity ancient_elements:undead_miner but it was marked as removed already
[21Dec2024 01:18:28.507] [Server thread/WARN] [net.minecraft.server.level.ServerLevel/]: Tried to add entity ancient_elements:undead_miner but it was marked as removed already
[21Dec2024 01:18:28.555] [Server thread/WARN] [net.minecraft.server.level.ServerLevel/]: Tried to add entity ancient_elements:undead_miner but it was marked as removed already
[21Dec2024 01:18:28.606] [Server thread/WARN] [net.minecraft.server.level.ServerLevel/]: Tried to add entity ancient_elements:undead_miner but it was marked as removed already
[21Dec2024 01:18:37.804] [Server thread/WARN] [net.minecraft.server.level.ServerLevel/]: Tried to add entity ancient_elements:undead_miner but it was marked as removed already
[21Dec2024 01:18:39.676] [Server thread/INFO] [net.minecraft.server.MinecraftServer/]: [Not Secure] <KMRgamerotaku> ni con los chunk alto lo veo
[21Dec2024 01:18:56.856] [Server thread/WARN] [net.minecraft.server.level.ServerLevel/]: Tried to add entity ancient_elements:undead_miner but it was marked as removed already
[21Dec2024 01:18:56.856] [Server thread/WARN] [net.minecraft.server.level.ServerLevel/]: Tried to add entity ancient_elements:undead_miner but it was marked as removed already
[21Dec2024 01:19:04.203] [Server thread/WARN] [net.minecraft.server.level.ServerLevel/]: Tried to add entity ancient_elements:undead_miner but it was marked as removed already
[21Dec2024 01:19:04.204] [Server thread/WARN] [net.minecraft.server.level.ServerLevel/]: Tried to add entity ancient_elements:undead_miner but it was marked as removed already
[21Dec2024 01:19:04.204] [Server thread/WARN] [net.minecraft.server.level.ServerLevel/]: Tried to add entity ancient_elements:undead_miner but it was marked as removed already
[21Dec2024 01:19:07.355] [Server thread/WARN] [net.minecraft.server.level.ServerLevel/]: Tried to add entity ancient_elements:undead_miner but it was marked as removed already
[21Dec2024 01:19:19.105] [Server thread/WARN] [net.minecraft.server.level.ServerLevel/]: Tried to add entity ancient_elements:undead_miner but it was marked as removed already
[21Dec2024 01:19:19.105] [Server thread/WARN] [net.minecraft.server.level.ServerLevel/]: Tried to add entity ancient_elements:undead_miner but it was marked as removed already
[21Dec2024 01:19:19.106] [Server thread/WARN] [net.minecraft.server.level.ServerLevel/]: Tried to add entity ancient_elements:undead_miner but it was marked as removed already
[21Dec2024 01:19:19.154] [Server thread/WARN] [net.minecraft.server.level.ServerLevel/]: Tried to add entity ancient_elements:undead_miner but it was marked as removed already
[21Dec2024 01:19:19.154] [Server thread/WARN] [net.minecraft.server.level.ServerLevel/]: Tried to add entity ancient_elements:undead_miner but it was marked as removed already
[21Dec2024 01:19:19.155] [Server thread/WARN] [net.minecraft.server.level.ServerLevel/]: Tried to add entity ancient_elements:undead_miner but it was marked as removed already
[21Dec2024 01:19:39.554] [Server thread/WARN] [net.minecraft.server.level.ServerLevel/]: Tried to add entity ancient_elements:undead_miner but it was marked as removed already
[21Dec2024 01:19:39.655] [Server thread/WARN] [net.minecraft.server.level.ServerLevel/]: Tried to add entity ancient_elements:undead_miner but it was marked as removed already
[21Dec2024 01:19:39.656] [Server thread/WARN] [net.minecraft.server.level.ServerLevel/]: Tried to add entity ancient_elements:undead_miner but it was marked as removed already
[21Dec2024 01:20:52.655] [Server thread/WARN] [net.minecraft.server.level.ServerLevel/]: Tried to add entity ancient_elements:undead_miner but it was marked as removed already
[21Dec2024 01:21:04.904] [Server thread/WARN] [net.minecraft.server.level.ServerLevel/]: Tried to add entity ancient_elements:undead_miner but it was marked as removed already
[21Dec2024 01:21:04.905] [Server thread/WARN] [net.minecraft.server.level.ServerLevel/]: Tried to add entity ancient_elements:undead_miner but it was marked as removed already
[21Dec2024 01:21:05.506] [Server thread/WARN] [net.minecraft.server.level.ServerLevel/]: Tried to add entity ancient_elements:undead_miner but it was marked as removed already
[21Dec2024 01:21:05.755] [Server thread/WARN] [net.minecraft.server.level.ServerLevel/]: Tried to add entity ancient_elements:undead_miner but it was marked as removed already
[21Dec2024 01:21:05.804] [Server thread/WARN] [net.minecraft.server.level.ServerLevel/]: Tried to add entity ancient_elements:undead_miner but it was marked as removed already
[21Dec2024 01:21:05.804] [Server thread/WARN] [net.minecraft.server.level.ServerLevel/]: Tried to add entity ancient_elements:undead_miner but it was marked as removed already
[21Dec2024 01:21:21.380] [Server thread/INFO] [net.minecraft.server.MinecraftServer/]: [Not Secure] <KMRgamerotaku> ya tengo un lugar para hacer la casa
[21Dec2024 01:21:39.248] [Server thread/INFO] [net.minecraft.server.MinecraftServer/]: [Not Secure] <KMRgamerotaku> pero bueno vamos al 7 days
[21Dec2024 01:21:45.525] [Server thread/INFO] [net.minecraft.server.MinecraftServer/]: [Not Secure] <jhonny365> sip
[21Dec2024 01:21:55.004] [Server thread/WARN] [net.minecraft.server.level.ServerLevel/]: Tried to add entity ancient_elements:undead_miner but it was marked as removed already
[21Dec2024 01:21:57.970] [Server thread/INFO] [net.minecraft.server.MinecraftServer/]: [Not Secure] <jhonny365> tengo que leer muchio las espadas aver que hay de bueno
[21Dec2024 01:22:14.805] [Server thread/WARN] [net.minecraft.server.level.ServerLevel/]: Tried to add entity ancient_elements:undead_miner but it was marked as removed already
[21Dec2024 01:22:14.805] [Server thread/WARN] [net.minecraft.server.level.ServerLevel/]: Tried to add entity ancient_elements:undead_miner but it was marked as removed already
[21Dec2024 01:22:15.305] [Server thread/WARN] [net.minecraft.server.level.ServerLevel/]: Tried to add entity ancient_elements:undead_miner but it was marked as removed already
[21Dec2024 01:22:23.655] [Server thread/WARN] [net.minecraft.server.level.ServerLevel/]: Tried to add entity ancient_elements:undead_miner but it was marked as removed already
[21Dec2024 01:22:23.656] [Server thread/WARN] [net.minecraft.server.level.ServerLevel/]: Tried to add entity ancient_elements:undead_miner but it was marked as removed already
[21Dec2024 01:23:08.554] [Server thread/WARN] [net.minecraft.server.level.ServerLevel/]: Tried to add entity ancient_elements:undead_miner but it was marked as removed already
[21Dec2024 01:23:11.050] [Server thread/INFO] [net.minecraft.server.MinecraftServer/]: [Not Secure] <jhonny365> tiene obsidiana?
[21Dec2024 01:23:15.439] [Server thread/INFO] [net.minecraft.server.MinecraftServer/]: [Not Secure] <KMRgamerotaku> nno
[21Dec2024 01:23:20.526] [Server thread/INFO] [net.minecraft.server.MinecraftServer/]: [Not Secure] <jhonny365> :v
[21Dec2024 01:23:32.369] [Server thread/INFO] [net.minecraft.server.MinecraftServer/]: [Not Secure] <jhonny365> deme hierro
[21Dec2024 01:23:41.578] [Server thread/INFO] [net.minecraft.server.MinecraftServer/]: [Not Secure] <KMRgamerotaku> fue lo unico que no agarre en la dungen
[21Dec2024 01:23:50.579] [Server thread/INFO] [net.minecraft.server.MinecraftServer/]: [Not Secure] <jhonny365> vida
[21Dec2024 01:24:00.304] [Server thread/WARN] [net.minecraft.server.level.ServerLevel/]: Tried to add entity ancient_elements:undead_miner but it was marked as removed already
[21Dec2024 01:24:00.305] [Server thread/WARN] [net.minecraft.server.level.ServerLevel/]: Tried to add entity ancient_elements:undead_miner but it was marked as removed already
[21Dec2024 01:24:15.728] [Server thread/INFO] [net.minecraft.server.MinecraftServer/]: [Not Secure] <KMRgamerotaku> ya tiene todo el hierro que tenia
[21Dec2024 01:24:30.905] [Server thread/WARN] [net.minecraft.server.level.ServerLevel/]: Tried to add entity ancient_elements:undead_miner but it was marked as removed already
[21Dec2024 01:24:32.011] [Server thread/INFO] [net.minecraft.server.MinecraftServer/]: jhonny365 has made the advancement [A... Fake?]
[21Dec2024 01:24:48.356] [Server thread/WARN] [net.minecraft.server.level.ServerLevel/]: Tried to add entity ancient_elements:undead_miner but it was marked as removed already
[21Dec2024 01:25:38.804] [Server thread/WARN] [net.minecraft.server.level.ServerLevel/]: Tried to add entity ancient_elements:undead_miner but it was marked as removed already
[21Dec2024 01:25:38.805] [Server thread/WARN] [net.minecraft.server.level.ServerLevel/]: Tried to add entity ancient_elements:undead_miner but it was marked as removed already
[21Dec2024 01:25:38.805] [Server thread/WARN] [net.minecraft.server.level.ServerLevel/]: Tried to add entity ancient_elements:undead_miner but it was marked as removed already
[21Dec2024 01:25:52.527] [Server thread/INFO] [net.minecraft.server.MinecraftServer/]: jhonny365 has reached the goal [My Brother]
[21Dec2024 01:26:01.219] [Server thread/INFO] [net.minecraft.server.MinecraftServer/]: [Not Secure] <KMRgamerotaku> ajaj
[21Dec2024 01:26:08.591] [Server thread/INFO] [net.minecraft.server.MinecraftServer/]: [Not Secure] <KMRgamerotaku> y esa espada
[21Dec2024 01:26:18.422] [Server thread/INFO] [net.minecraft.server.MinecraftServer/]: KMRgamerotaku has reached the goal [My Brother]
[21Dec2024 01:26:54.554] [Server thread/WARN] [net.minecraft.server.level.ServerLevel/]: Tried to add entity ancient_elements:undead_miner but it was marked as removed already
[21Dec2024 01:27:03.503] [Server thread/WARN] [net.minecraft.server.level.ServerLevel/]: Tried to add entity ancient_elements:undead_miner but it was marked as removed already
[21Dec2024 01:27:03.504] [Server thread/WARN] [net.minecraft.server.level.ServerLevel/]: Tried to add entity ancient_elements:undead_miner but it was marked as removed already
[21Dec2024 01:27:03.504] [Server thread/WARN] [net.minecraft.server.level.ServerLevel/]: Tried to add entity ancient_elements:undead_miner but it was marked as removed already
[21Dec2024 01:27:03.504] [Server thread/WARN] [net.minecraft.server.level.ServerLevel/]: Tried to add entity ancient_elements:undead_miner but it was marked as removed already
[21Dec2024 01:27:15.605] [Server thread/WARN] [net.minecraft.server.level.ServerLevel/]: Tried to add entity ancient_elements:undead_miner but it was marked as removed already
[21Dec2024 01:27:15.605] [Server thread/WARN] [net.minecraft.server.level.ServerLevel/]: Tried to add entity ancient_elements:undead_miner but it was marked as removed already
[21Dec2024 01:27:15.605] [Server thread/WARN] [net.minecraft.server.level.ServerLevel/]: Tried to add entity ancient_elements:undead_miner but it was marked as removed already
[21Dec2024 01:27:41.226] [Server thread/INFO] [net.minecraft.server.MinecraftServer/]: [Not Secure] <KMRgamerotaku> wtf
[21Dec2024 01:27:47.004] [Server thread/WARN] [net.minecraft.server.level.ServerLevel/]: Tried to add entity ancient_elements:undead_miner but it was marked as removed already
[21Dec2024 01:27:47.056] [Server thread/WARN] [net.minecraft.server.level.ServerLevel/]: Tried to add entity ancient_elements:undead_miner but it was marked as removed already
[21Dec2024 01:27:49.054] [Server thread/WARN] [net.minecraft.server.level.ServerLevel/]: Tried to add entity ancient_elements:undead_miner but it was marked as removed already
[21Dec2024 01:27:49.155] [Server thread/WARN] [net.minecraft.server.level.ServerLevel/]: Tried to add entity ancient_elements:undead_miner but it was marked as removed already
[21Dec2024 01:28:01.779] [Server thread/INFO] [net.minecraft.server.MinecraftServer/]: [Not Secure] <KMRgamerotaku> jhoony mira el discord
[21Dec2024 01:28:12.226] [Server thread/INFO] [net.minecraft.server.MinecraftServer/]: [Not Secure] <KMRgamerotaku> wtf
[21Dec2024 01:28:15.674] [Server thread/INFO] [net.minecraft.server.MinecraftServer/]: [Not Secure] <KMRgamerotaku> como hace eso
[21Dec2024 01:28:26.298] [Server thread/INFO] [net.minecraft.server.MinecraftServer/]: [Not Secure] <jhonny365> soy la verga y ya pues XD
[21Dec2024 01:28:28.454] [Server thread/WARN] [net.minecraft.server.level.ServerLevel/]: Tried to add entity ancient_elements:undead_miner but it was marked as removed already
[21Dec2024 01:28:31.022] [Server thread/INFO] [net.minecraft.server.MinecraftServer/]: [Not Secure] <KMRgamerotaku> ya veo
[21Dec2024 01:28:33.424] [Server thread/INFO] [net.minecraft.server.MinecraftServer/]: [Not Secure] <jhonny365> y lee las habilidades XD
[21Dec2024 01:28:35.754] [Server thread/WARN] [net.minecraft.server.level.ServerLevel/]: Tried to add entity ancient_elements:undead_miner but it was marked as removed already
[21Dec2024 01:28:36.273] [Server thread/INFO] [net.minecraft.server.MinecraftServer/]: [Not Secure] <KMRgamerotaku> anda por el dragon entoncs
[21Dec2024 01:28:43.621] [Server thread/INFO] [net.minecraft.world.entity.npc.Villager/]: Villager Villager['Scribe'/18127, l='ServerLevel[world]', x=-162.49, y=96.00, z=906.70] died, message: 'Scribe was slain by Zombie'
[21Dec2024 01:28:47.679] [Server thread/INFO] [net.minecraft.server.MinecraftServer/]: [Not Secure] <jhonny365> ALT
[21Dec2024 01:28:48.404] [Server thread/WARN] [net.minecraft.server.level.ServerLevel/]: Tried to add entity ancient_elements:undead_miner but it was marked as removed already
[21Dec2024 01:29:05.517] [Server thread/INFO] [net.minecraft.world.entity.npc.Villager/]: Villager Villager['Unemployed'/18178, l='ServerLevel[world]', x=-189.07, y=79.00, z=895.81] died, message: 'Unemployed was slain by Zombie'
[21Dec2024 01:29:39.005] [Server thread/WARN] [net.minecraft.server.level.ServerLevel/]: Tried to add entity ancient_elements:undead_miner but it was marked as removed already
[21Dec2024 01:29:49.055] [Server thread/WARN] [net.minecraft.server.level.ServerLevel/]: Tried to add entity ancient_elements:undead_miner but it was marked as removed already
[21Dec2024 01:29:50.521] [Server thread/INFO] [net.minecraft.server.MinecraftServer/]: KMRgamerotaku has made the advancement [A... Fake?]
[21Dec2024 01:30:43.205] [Server thread/WARN] [net.minecraft.server.level.ServerLevel/]: Tried to add entity ancient_elements:undead_miner but it was marked as removed already
[21Dec2024 01:31:13.831] [Server thread/INFO] [net.minecraft.server.MinecraftServer/]: [Not Secure] <jhonny365> vamos al 7 days pues
[21Dec2024 01:31:19.505] [Server thread/WARN] [net.minecraft.server.level.ServerLevel/]: Tried to add entity ancient_elements:undead_miner but it was marked as removed already
[21Dec2024 01:31:20.369] [Server thread/INFO] [net.minecraft.server.MinecraftServer/]: [Not Secure] <KMRgamerotaku> vamos
[21Dec2024 01:31:35.004] [Server thread/WARN] [net.minecraft.server.level.ServerLevel/]: Tried to add entity ancient_elements:undead_miner but it was marked as removed already
[21Dec2024 01:31:40.219] [Server thread/INFO] [net.minecraft.server.network.ServerGamePacketListenerImpl/]: jhonny365 lost connection: Disconnected
[21Dec2024 01:31:40.219] [Server thread/INFO] [net.minecraft.server.MinecraftServer/]: jhonny365 left the game
[21Dec2024 01:31:44.019] [Server thread/INFO] [net.minecraft.server.network.ServerGamePacketListenerImpl/]: KMRgamerotaku lost connection: Disconnected
[21Dec2024 01:31:44.019] [Server thread/INFO] [net.minecraft.server.MinecraftServer/]: KMRgamerotaku left the game
[21Dec2024 01:31:44.068] [Server thread/WARN] [net.minecraft.network.Connection/]: handleDisconnection() called twice
[21Dec2024 01:31:56.112] [Server thread/INFO] [net.minecraft.server.MinecraftServer/]: Stopping the server
[21Dec2024 01:31:56.152] [Server thread/INFO] [net.minecraft.server.MinecraftServer/]: Stopping server
[21Dec2024 01:31:56.153] [Server thread/INFO] [net.minecraft.server.MinecraftServer/]: Saving players
[21Dec2024 01:31:56.154] [Server thread/INFO] [net.minecraft.server.MinecraftServer/]: Saving worlds
[21Dec2024 01:31:56.414] [Server thread/INFO] [net.minecraft.server.MinecraftServer/]: Saving chunks for level 'ServerLevel[world]'/minecraft:overworld
[21Dec2024 01:31:56.548] [Server thread/INFO] [net.minecraft.server.MinecraftServer/]: Saving chunks for level 'ServerLevel[world]'/minecraft:the_nether
[21Dec2024 01:31:56.549] [Server thread/INFO] [net.minecraft.server.MinecraftServer/]: Saving chunks for level 'ServerLevel[world]'/minecraft:the_end
[21Dec2024 01:31:56.624] [Server thread/INFO] [net.minecraft.server.MinecraftServer/]: ThreadedAnvilChunkStorage (world): All chunks are saved
[21Dec2024 01:31:56.624] [Server thread/INFO] [net.minecraft.server.MinecraftServer/]: ThreadedAnvilChunkStorage (DIM-1): All chunks are saved
[21Dec2024 01:31:56.624] [Server thread/INFO] [net.minecraft.server.MinecraftServer/]: ThreadedAnvilChunkStorage (DIM1): All chunks are saved
[21Dec2024 01:31:56.624] [Server thread/INFO] [net.minecraft.server.MinecraftServer/]: ThreadedAnvilChunkStorage: All dimensions are saved
[21Dec2024 01:31:56.650] [Server thread/INFO] [Framework/]: Unloading server configs...
[21Dec2024 01:31:56.652] [Server thread/INFO] [Framework/]: Sending config unload event for goblintraders-entities.toml
[21Dec2024 01:31:56.654] [Server thread/INFO] [Framework/]: Finished unloading server configs
[21Dec2024 01:31:56.664] [Server thread/INFO] [journeymap/]: Loading JourneyMap Forge Configs
